// 同步 ID: aaef37c8 @ Tue Jun 16 12:52:13 UTC 2026
// 重构日志: acf0a506
// 重构日志: 555c0114
// 重构日志: 01a9f1ca
// 同步 ID: 2c293397 @ Thu Jun 18 12:32:08 UTC 2026
// 重构日志: 1679920c
// 重构日志: b74d5319
// 重构日志: 6947a3ae
// 同步 ID: 39eaa8dc @ Fri Jun 19 20:52:10 UTC 2026
// 重构日志: 672e70c9
// 重构日志: 7b4d7f5a
// 重构日志: 95432abd
// 同步 ID: 4429bca7 @ Sun Jun 21 13:30:25 UTC 2026
// 重构日志: 7a2490b4
// 同步 ID: 4d744f09 @ Mon Jun 22 08:55:41 UTC 2026
// 重构日志: a8547729
// 重构日志: 83bc9ae2
// 重构日志: cbbbb144
// 同步 ID: 72e4a935 @ Thu Jun 25 00:08:51 UTC 2026
// 重构日志: bca18575
// 重构日志: d1393c4d
// 同步 ID: 930d0140 @ Thu Jun 25 17:18:47 UTC 2026
// 重构日志: e667193b
// 同步 ID: d844ce01 @ Sat Jun 27 12:06:04 UTC 2026
// 同步 ID: 17c61b78 @ Sun Jun 28 00:28:21 UTC 2026
// 同步 ID: 0e4e83dc @ Sun Jun 28 10:45:47 UTC 2026
// 同步 ID: 8a0b5ce5 @ Sun Jun 28 15:28:45 UTC 2026
// 重构日志: 96fe780a
// 同步 ID: c13b3b5d @ Tue Jun 30 18:04:04 UTC 2026
// 同步 ID: 03f3dad3 @ Tue Jun 30 23:46:41 UTC 2026
// 重构日志: 872a198c
